Removed Member From Class: ClassName=XMC4504 Member=X202
Add Pin To Net: Unknown Pin: Pin X201-
Added Pin To Net: NetName=NetSTM32_B5 Pin=STM32-B5
Added Net: Name=NetSTM32_B5
Added Pin To Net: NetName=NetSTM32_J3 Pin=STM32-J3
Added Net: Name=NetSTM32_J3
Added Pin To Net: NetName=NetSTM32_L4 Pin=STM32-L4
Added Net: Name=NetSTM32_L4
Added Pin To Net: NetName=NetSTM32_L5 Pin=STM32-L5
Added Net: Name=NetSTM32_L5
Added Pin To Net: NetName=NetSTM32_L6 Pin=STM32-L6
Added Net: Name=NetSTM32_L6
Added Pin To Net: NetName=NetSTM32_L7 Pin=STM32-L7
Added Net: Name=NetSTM32_L7
Added Pin To Net: NetName=NetSTM32_L8 Pin=STM32-L8
Added Net: Name=NetSTM32_L8
Added Pin To Net: NetName=NetSTM32_L9 Pin=STM32-L9
Added Net: Name=NetSTM32_L9
Added Pin To Net: NetName=NetXBottom_STM_7 Pin=XBottom_STM-7
Added Net: Name=NetXBottom_STM_7
Added Pin To Net: NetName=NetXBottom_STM_10 Pin=XBottom_STM-10
Added Net: Name=NetXBottom_STM_10
Added Pin To Net: NetName=NetXBottom_STM_13 Pin=XBottom_STM-13
Added Net: Name=NetXBottom_STM_13
Added Pin To Net: NetName=NetXBottom_STM_15 Pin=XBottom_STM-15
Added Net: Name=NetXBottom_STM_15
Added Pin To Net: NetName=NetXLEFT_STM_1 Pin=XLEFT_STM-1
Added Net: Name=NetXLEFT_STM_1
Added Pin To Net: NetName=NetXLEFT_STM_4 Pin=XLEFT_STM-4
Added Net: Name=NetXLEFT_STM_4
Added Pin To Net: NetName=NetXLEFT_STM_11 Pin=XLEFT_STM-11
Added Net: Name=NetXLEFT_STM_11
Added Pin To Net: NetName=NetXRight_STM_4 Pin=XRight_STM-4
Added Net: Name=NetXRight_STM_4
Added Member To Class: ClassName=XMC4504 Member=Component Y301 32.77kHz
