Change Component Designator: OldDesignator=PDR NewDesignator=PDO_JMPR_
Added Component: Designator=XLEDs(CON-THT-2.54-3-1-8.38)
Add component (AddParameter): Name = "Application"; Value = ""; VariantName = "[No Variations]"
Add component (AddParameter): Name = "Article Number"; Value = "375892"; VariantName = "[No Variations]"
Add component (AddParameter): Name = "Automotive Qualified"; Value = "No"; VariantName = "[No Variations]"
Add component (AddParameter): Name = "Combined Parameters"; Value = "Board-to-Board Header (male);3x1;Mounting:THT;Orient:0° (vertical);Shielded:No"; VariantName = "[No Variations]"
Add component (AddParameter): Name = "ComponentLink1Description"; Value = "Vendor WebSite"; VariantName = "[No Variations]"
Add component (AddParameter): Name = "ComponentLink1URL"; Value = "http://www.samtec.com/"; VariantName = "[No Variations]"
Add component (AddParameter): Name = "ComponentLink2Description"; Value = "Datasheet"; VariantName = "[No Variations]"
Add component (AddParameter): Name = "ComponentLink2URL"; Value = "http://webnetprod.muc.infineon.com/PCBPortal_Prod/WorkFlows/AltiumComponent/StandardDocumentation?Versionid=375893"; VariantName = "[No Variations]"
Add component (AddParameter): Name = "ComponentStatus"; Value = "Released"; VariantName = "[No Variations]"
Add component (AddParameter): Name = "Legacy DeviceID"; Value = "SAM_HTSW-103-07-G-S"; VariantName = "[No Variations]"
Add component (AddParameter): Name = "Legacy PartNumber"; Value = "CON00000054"; VariantName = "[No Variations]"
Add component (AddParameter): Name = "Manufacturer"; Value = "Samtec"; VariantName = "[No Variations]"
Add component (AddParameter): Name = "Manufacturer Order Number"; Value = "HTSW-103-07-G-S"; VariantName = "[No Variations]"
Add component (AddParameter): Name = "Package Description"; Value = "Header,vertical,2.54mm pitch;0.64mm lead width,3 pins,1 row,3 pins per row,7.62mm L X 2.48mm W X 8.38mm H body"; VariantName = "[No Variations]"
Add component (AddParameter): Name = "Package Imperial"; Value = ""; VariantName = "[No Variations]"
Add component (AddParameter): Name = "Package Metric"; Value = ""; VariantName = "[No Variations]"
Add component (AddParameter): Name = "PackageReference"; Value = ""; VariantName = "[No Variations]"
Add component (AddParameter): Name = "Part Provision"; Value = ""; VariantName = "[No Variations]"
Add component (AddParameter): Name = "Part Type"; Value = "Connector"; VariantName = "[No Variations]"
Add component (AddParameter): Name = "PCB Remarks"; Value = ""; VariantName = "[No Variations]"
Add component (AddParameter): Name = "PLMStatus"; Value = "Active"; VariantName = "[No Variations]"
Add component (AddParameter): Name = "QuickPick"; Value = "0° (vertical) / Board-to-Board"; VariantName = "[No Variations]"
Add component (AddParameter): Name = "ROHS Compliant"; Value = "Y"; VariantName = "[No Variations]"
Add component (AddParameter): Name = "Schematic Remarks"; Value = ""; VariantName = "[No Variations]"
Add component (AddParameter): Name = "Second Source allowed"; Value = "Yes"; VariantName = "[No Variations]"
Add component (AddParameter): Name = "Style"; Value = "Strip"; VariantName = "[No Variations]"
Add component (AddParameter): Name = "Supplier 1"; Value = "Farnell"; VariantName = "[No Variations]"
Add component (AddParameter): Name = "Supplier 2"; Value = "DigiKey"; VariantName = "[No Variations]"
Add component (AddParameter): Name = "Supplier 3"; Value = "Mouser"; VariantName = "[No Variations]"
Add component (AddParameter): Name = "Supplier Part Number 1"; Value = "1925743"; VariantName = "[No Variations]"
Add component (AddParameter): Name = "Supplier Part Number 2"; Value = "SAM8814-ND"; VariantName = "[No Variations]"
Add component (AddParameter): Name = "Supplier Part Number 3"; Value = ""; VariantName = "[No Variations]"
Add component (AddParameter): Name = "Technology"; Value = ""; VariantName = "[No Variations]"
Add component (AddParameter): Name = "Temperature max"; Value = "125"; VariantName = "[No Variations]"
Add component (AddParameter): Name = "Temperature min"; Value = "-55"; VariantName = "[No Variations]"
Add component (AddParameter): Name = "Temperature Range"; Value = "Military"; VariantName = "[No Variations]"
Add component (AddParameter): Name = "Tolerance Neg"; Value = ""; VariantName = "[No Variations]"
Add component (AddParameter): Name = "Tolerance Pos"; Value = ""; VariantName = "[No Variations]"
Add component (AddParameter): Name = "Type"; Value = "Board-to-Board"; VariantName = "[No Variations]"
Add component (AddParameter): Name = "Value"; Value = "HTSW-103-07-G-S"; VariantName = "[No Variations]"
Add component (AddParameter): Name = "Version Number"; Value = "V01"; VariantName = "[No Variations]"
Add component (AddParameter): Name = "Voltage DC (max)"; Value = "na"; VariantName = "[No Variations]"
Add Pin To Net: Unknown Pin: Pin X201-
Added Pin To Net: NetName=PC8 Pin=XLEDs-1
Added Pin To Net: NetName=PC7 Pin=XLEDs-2
Added Pin To Net: NetName=PC6 Pin=XLEDs-3
Added Member To Class: ClassName=STM32 Member=Component XLEDs HTSW-103-07-G-S
