Added Component: Designator=D270(LEDSC160X80X80-2N-1)
Add component (AddParameter): Name = "Application"; Value = "Standard"; VariantName = "[No Variations]"
Add component (AddParameter): Name = "Article Number"; Value = "625459"; VariantName = "[No Variations]"
Add component (AddParameter): Name = "Automotive Qualified"; Value = "No"; VariantName = "[No Variations]"
Add component (AddParameter): Name = "Combined Parameters"; Value = "Vf:2.4V;If:30mA;Ur:5V;Ir:10uA;Pmax:72mW"; VariantName = "[No Variations]"
Add component (AddParameter): Name = "ComponentLink1Description"; Value = "Vendor WebSite"; VariantName = "[No Variations]"
Add component (AddParameter): Name = "ComponentLink1URL"; Value = "http://www.we-online.com"; VariantName = "[No Variations]"
Add component (AddParameter): Name = "ComponentLink2Description"; Value = "Datasheet"; VariantName = "[No Variations]"
Add component (AddParameter): Name = "ComponentLink2URL"; Value = "http://webnetprod.muc.infineon.com/PCBPortal_Prod/WorkFlows/AltiumComponent/StandardDocumentation?Versionid=625460"; VariantName = "[No Variations]"
Add component (AddParameter): Name = "ComponentStatus"; Value = "Released"; VariantName = "[No Variations]"
Add component (AddParameter): Name = "Legacy DeviceID"; Value = ""; VariantName = "[No Variations]"
Add component (AddParameter): Name = "Legacy PartNumber"; Value = ""; VariantName = "[No Variations]"
Add component (AddParameter): Name = "Manufacturer"; Value = "Wurth Elektronik"; VariantName = "[No Variations]"
Add component (AddParameter): Name = "Manufacturer Order Number"; Value = "150060RS75000"; VariantName = "[No Variations]"
Add component (AddParameter): Name = "Package Description"; Value = "LED,Side Concave; 2 pin,1.60mm W X 0.80mm L X 0.80mm H"; VariantName = "[No Variations]"
Add component (AddParameter): Name = "Package Imperial"; Value = ""; VariantName = "[No Variations]"
Add component (AddParameter): Name = "Package Metric"; Value = ""; VariantName = "[No Variations]"
Add component (AddParameter): Name = "PackageReference"; Value = "1608 (0603)"; VariantName = "[No Variations]"
Add component (AddParameter): Name = "Part Provision"; Value = ""; VariantName = "[No Variations]"
Add component (AddParameter): Name = "Part Type"; Value = "Diode"; VariantName = "[No Variations]"
Add component (AddParameter): Name = "PCB Remarks"; Value = ""; VariantName = "[No Variations]"
Add component (AddParameter): Name = "PLMStatus"; Value = "Active"; VariantName = "[No Variations]"
Add component (AddParameter): Name = "QuickPick"; Value = "LED / 1608 (0603)"; VariantName = "[No Variations]"
Add component (AddParameter): Name = "ROHS Compliant"; Value = "Y"; VariantName = "[No Variations]"
Add component (AddParameter): Name = "Schematic Remarks"; Value = ""; VariantName = "[No Variations]"
Add component (AddParameter): Name = "Second Source allowed"; Value = "Yes"; VariantName = "[No Variations]"
Add component (AddParameter): Name = "Style"; Value = "Single"; VariantName = "[No Variations]"
Add component (AddParameter): Name = "Supplier 1"; Value = "Farnell"; VariantName = "[No Variations]"
Add component (AddParameter): Name = "Supplier 2"; Value = "DigiKey"; VariantName = "[No Variations]"
Add component (AddParameter): Name = "Supplier 3"; Value = "Mouser"; VariantName = "[No Variations]"
Add component (AddParameter): Name = "Supplier Part Number 1"; Value = "2322071"; VariantName = "[No Variations]"
Add component (AddParameter): Name = "Supplier Part Number 2"; Value = "732-4978-1-ND"; VariantName = "[No Variations]"
Add component (AddParameter): Name = "Supplier Part Number 3"; Value = "710-150060RS75000"; VariantName = "[No Variations]"
Add component (AddParameter): Name = "Symbol Type"; Value = "Standard LED Symbol, 1 Cathode, 2 Anode"; VariantName = "[No Variations]"
Add component (AddParameter): Name = "Technology"; Value = ""; VariantName = "[No Variations]"
Add component (AddParameter): Name = "Temperature max"; Value = "85"; VariantName = "[No Variations]"
Add component (AddParameter): Name = "Temperature min"; Value = "-40"; VariantName = "[No Variations]"
Add component (AddParameter): Name = "Temperature Range"; Value = "Industrial"; VariantName = "[No Variations]"
Add component (AddParameter): Name = "Tolerance Neg"; Value = ""; VariantName = "[No Variations]"
Add component (AddParameter): Name = "Tolerance Pos"; Value = ""; VariantName = "[No Variations]"
Add component (AddParameter): Name = "Type"; Value = "LED"; VariantName = "[No Variations]"
Add component (AddParameter): Name = "Value"; Value = "Red"; VariantName = "[No Variations]"
Add component (AddParameter): Name = "Version Number"; Value = "V01"; VariantName = "[No Variations]"
Add component (AddParameter): Name = "Voltage DC (max)"; Value = "na"; VariantName = "[No Variations]"
Added Component: Designator=R270(RESC1609X55N)
Add component (AddParameter): Name = "Alternate View"; Value = "Yes"; VariantName = "[No Variations]"
Add component (AddParameter): Name = "Application"; Value = "Standard"; VariantName = "[No Variations]"
Add component (AddParameter): Name = "Article Number"; Value = "699381"; VariantName = "[No Variations]"
Add component (AddParameter): Name = "Automotive Qualified"; Value = "AEC Q200"; VariantName = "[No Variations]"
Add component (AddParameter): Name = "Combined Parameters"; Value = "TCR:100ppm/K;Tol.:-1%/+1%;Vdc:-;Idc:-;P:100mW"; VariantName = "[No Variations]"
Add component (AddParameter): Name = "ComponentLink1Description"; Value = "Vendor WebSite"; VariantName = "[No Variations]"
Add component (AddParameter): Name = "ComponentLink1URL"; Value = "http://panasonic.net/sanyo/index.html"; VariantName = "[No Variations]"
Add component (AddParameter): Name = "ComponentLink2Description"; Value = "Datasheet"; VariantName = "[No Variations]"
Add component (AddParameter): Name = "ComponentLink2URL"; Value = "http://webnetprod.muc.infineon.com/PCBPortal_Prod/WorkFlows/AltiumComponent/StandardDocumentation?Versionid=699382"; VariantName = "[No Variations]"
Add component (AddParameter): Name = "ComponentStatus"; Value = "Released"; VariantName = "[No Variations]"
Add component (AddParameter): Name = "Legacy DeviceID"; Value = ""; VariantName = "[No Variations]"
Add component (AddParameter): Name = "Legacy PartNumber"; Value = ""; VariantName = "[No Variations]"
Add component (AddParameter): Name = "Manufacturer"; Value = "Panasonic"; VariantName = "[No Variations]"
Add component (AddParameter): Name = "Manufacturer Order Number"; Value = "ERJ3EKF4701V"; VariantName = "[No Variations]"
Add component (AddParameter): Name = "Multiple Parts"; Value = "No"; VariantName = "[No Variations]"
Add component (AddParameter): Name = "Package Description"; Value = "Resistor,Chip;1.60mm L X 0.85mm W X 0.55mm H"; VariantName = "[No Variations]"
Add component (AddParameter): Name = "Package Imperial"; Value = ""; VariantName = "[No Variations]"
Add component (AddParameter): Name = "Package Metric"; Value = ""; VariantName = "[No Variations]"
Add component (AddParameter): Name = "PackageReference"; Value = "ERJ3EKF4701V"; VariantName = "[No Variations]"
Add component (AddParameter): Name = "Part Provision"; Value = ""; VariantName = "[No Variations]"
Add component (AddParameter): Name = "Part Type"; Value = "Resistor"; VariantName = "[No Variations]"
Add component (AddParameter): Name = "PCB Remarks"; Value = ""; VariantName = "[No Variations]"
Add component (AddParameter): Name = "PLMStatus"; Value = "Active"; VariantName = "[No Variations]"
Add component (AddParameter): Name = "QuickPick"; Value = "4.7k / 1% / 0.1 / ERJ3EKF4701V"; VariantName = "[No Variations]"
Add component (AddParameter): Name = "ROHS Compliant"; Value = "Y"; VariantName = "[No Variations]"
Add component (AddParameter): Name = "Schematic Remarks"; Value = ""; VariantName = "[No Variations]"
Add component (AddParameter): Name = "Second Source allowed"; Value = "Yes"; VariantName = "[No Variations]"
Add component (AddParameter): Name = "Style"; Value = "Single"; VariantName = "[No Variations]"
Add component (AddParameter): Name = "Supplier 1"; Value = "Farnell"; VariantName = "[No Variations]"
Add component (AddParameter): Name = "Supplier 2"; Value = "DigiKey"; VariantName = "[No Variations]"
Add component (AddParameter): Name = "Supplier 3"; Value = "Mouser"; VariantName = "[No Variations]"
Add component (AddParameter): Name = "Supplier Part Number 1"; Value = "2303181"; VariantName = "[No Variations]"
Add component (AddParameter): Name = "Supplier Part Number 2"; Value = "P4.70KHCT-ND"; VariantName = "[No Variations]"
Add component (AddParameter): Name = "Supplier Part Number 3"; Value = "667-ERJ-3EKF4701V"; VariantName = "[No Variations]"
Add component (AddParameter): Name = "Symbol Type"; Value = "Resistor; Single; Standard; 2 Pins"; VariantName = "[No Variations]"
Add component (AddParameter): Name = "Technology"; Value = "Thick Film"; VariantName = "[No Variations]"
Add component (AddParameter): Name = "Temperature max"; Value = "155"; VariantName = "[No Variations]"
Add component (AddParameter): Name = "Temperature min"; Value = "-55"; VariantName = "[No Variations]"
Add component (AddParameter): Name = "Temperature Range"; Value = "Military"; VariantName = "[No Variations]"
Add component (AddParameter): Name = "Tolerance Neg"; Value = "1%"; VariantName = "[No Variations]"
Add component (AddParameter): Name = "Tolerance Pos"; Value = "1%"; VariantName = "[No Variations]"
Add component (AddParameter): Name = "Type"; Value = "Standard"; VariantName = "[No Variations]"
Add component (AddParameter): Name = "Value"; Value = "4.7k"; VariantName = "[No Variations]"
Add component (AddParameter): Name = "Version Number"; Value = "V00"; VariantName = "[No Variations]"
Add component (AddParameter): Name = "Voltage DC (max)"; Value = ""; VariantName = "[No Variations]"
Added Pin To Net: NetName=VAREF Pin=D270-2
Added Pin To Net: NetName=VAGND Pin=R270-1
Add Pin To Net: Unknown Pin: Pin X201-
Added Pin To Net: NetName=NetD270_1 Pin=D270-1
Added Pin To Net: NetName=NetD270_1 Pin=R270-2
Added Net: Name=NetD270_1
Added Member To Class: ClassName=XMC4504 Member=Component D270 Red
Added Member To Class: ClassName=XMC4504 Member=Component R270 4.7k
